<?xml version="1.0" encoding="UTF-8"?>
<testng-results ignored="0" total="1" passed="1" failed="0" skipped="0">
  <reporter-output>
  </reporter-output>
  <suite started-at="2021-11-12T22:46:04 IST" name="Default suite" finished-at="2021-11-12T22:46:12 IST" duration-ms="7996">
    <groups>
    </groups>
    <test started-at="2021-11-12T22:46:04 IST" name="Default test" finished-at="2021-11-12T22:46:12 IST" duration-ms="7996">
      <class name="hello_world.Demo1">
        <test-method signature="test1()[pri:0, instance:hello_world.Demo1@4d465b11]" started-at="2021-11-12T22:46:04 IST" name="test1" finished-at="2021-11-12T22:46:12 IST" duration-ms="7912" status="PASS">
          <reporter-output>
          </reporter-output>
        </test-method> <!-- test1 -->
      </class> <!-- hello_world.Demo1 -->
    </test> <!-- Default test -->
  </suite> <!-- Default suite -->
</testng-results>
